2025-05-24 19:02:55,389 - INFO - Spotify client alýnýyor...
2025-05-24 19:02:56,336 - INFO - Kullanýcý: berat (21l4sfub4curcojhk6d7kytmy)
2025-05-24 19:02:56,336 - INFO - Kullanýcý þarkýlarý alýnýyor...
2025-05-24 19:02:57,033 - INFO - Alýnan þarký sayýsý: 50/5000
2025-05-24 19:02:58,162 - INFO - Alýnan þarký sayýsý: 100/5000
2025-05-24 19:02:59,186 - INFO - Alýnan þarký sayýsý: 150/5000
2025-05-24 19:03:00,254 - INFO - Alýnan þarký sayýsý: 200/5000
2025-05-24 19:03:01,225 - INFO - Alýnan þarký sayýsý: 250/5000
2025-05-24 19:03:02,300 - INFO - Alýnan þarký sayýsý: 300/5000
2025-05-24 19:03:03,242 - INFO - Alýnan þarký sayýsý: 350/5000
2025-05-24 19:03:04,236 - INFO - Alýnan þarký sayýsý: 400/5000
2025-05-24 19:03:05,428 - INFO - Alýnan þarký sayýsý: 450/5000
2025-05-24 19:03:06,555 - INFO - Alýnan þarký sayýsý: 500/5000
2025-05-24 19:03:07,682 - INFO - Alýnan þarký sayýsý: 550/5000
2025-05-24 19:03:08,721 - INFO - Alýnan þarký sayýsý: 600/5000
2025-05-24 19:03:09,743 - INFO - Alýnan þarký sayýsý: 650/5000
2025-05-24 19:03:10,746 - INFO - Alýnan þarký sayýsý: 700/5000
2025-05-24 19:03:11,842 - INFO - Alýnan þarký sayýsý: 750/5000
2025-05-24 19:03:12,887 - INFO - Alýnan þarký sayýsý: 800/5000
2025-05-24 19:03:13,925 - INFO - Alýnan þarký sayýsý: 850/5000
2025-05-24 19:03:14,948 - INFO - Alýnan þarký sayýsý: 900/5000
2025-05-24 19:03:15,884 - INFO - Alýnan þarký sayýsý: 950/5000
2025-05-24 19:03:16,903 - INFO - Alýnan þarký sayýsý: 1000/5000
2025-05-24 19:03:17,877 - INFO - Alýnan þarký sayýsý: 1050/5000
2025-05-24 19:03:19,004 - INFO - Alýnan þarký sayýsý: 1100/5000
2025-05-24 19:03:20,174 - INFO - Alýnan þarký sayýsý: 1150/5000
2025-05-24 19:03:21,241 - INFO - Alýnan þarký sayýsý: 1200/5000
2025-05-24 19:03:22,599 - INFO - Alýnan þarký sayýsý: 1250/5000
2025-05-24 19:03:23,723 - INFO - Alýnan þarký sayýsý: 1300/5000
2025-05-24 19:03:24,891 - INFO - Alýnan þarký sayýsý: 1350/5000
2025-05-24 19:03:25,867 - INFO - Alýnan þarký sayýsý: 1400/5000
2025-05-24 19:03:27,068 - INFO - Alýnan þarký sayýsý: 1450/5000
2025-05-24 19:03:28,017 - INFO - Alýnan þarký sayýsý: 1500/5000
2025-05-24 19:03:28,977 - INFO - Alýnan þarký sayýsý: 1550/5000
2025-05-24 19:03:29,923 - INFO - Alýnan þarký sayýsý: 1600/5000
2025-05-24 19:03:30,925 - INFO - Alýnan þarký sayýsý: 1650/5000
2025-05-24 19:03:31,984 - INFO - Alýnan þarký sayýsý: 1700/5000
2025-05-24 19:03:32,966 - INFO - Alýnan þarký sayýsý: 1750/5000
2025-05-24 19:03:34,104 - INFO - Alýnan þarký sayýsý: 1800/5000
2025-05-24 19:03:35,038 - INFO - Alýnan þarký sayýsý: 1850/5000
2025-05-24 19:03:36,125 - INFO - Alýnan þarký sayýsý: 1900/5000
2025-05-24 19:03:37,071 - INFO - Alýnan þarký sayýsý: 1950/5000
2025-05-24 19:03:38,000 - INFO - Alýnan þarký sayýsý: 2000/5000
2025-05-24 19:03:39,013 - INFO - Alýnan þarký sayýsý: 2050/5000
2025-05-24 19:03:40,116 - INFO - Alýnan þarký sayýsý: 2100/5000
2025-05-24 19:03:41,116 - INFO - Alýnan þarký sayýsý: 2150/5000
2025-05-24 19:03:42,083 - INFO - Alýnan þarký sayýsý: 2200/5000
2025-05-24 19:03:43,079 - INFO - Alýnan þarký sayýsý: 2250/5000
2025-05-24 19:03:44,242 - INFO - Alýnan þarký sayýsý: 2300/5000
2025-05-24 19:03:45,230 - INFO - Alýnan þarký sayýsý: 2350/5000
2025-05-24 19:03:46,389 - INFO - Alýnan þarký sayýsý: 2400/5000
2025-05-24 19:03:47,463 - INFO - Alýnan þarký sayýsý: 2450/5000
2025-05-24 19:03:48,472 - INFO - Alýnan þarký sayýsý: 2500/5000
2025-05-24 19:03:49,466 - INFO - Alýnan þarký sayýsý: 2550/5000
2025-05-24 19:03:50,446 - INFO - Alýnan þarký sayýsý: 2600/5000
2025-05-24 19:03:51,459 - INFO - Alýnan þarký sayýsý: 2650/5000
2025-05-24 19:03:52,388 - INFO - Alýnan þarký sayýsý: 2700/5000
2025-05-24 19:03:53,460 - INFO - Alýnan þarký sayýsý: 2750/5000
2025-05-24 19:03:54,409 - INFO - Alýnan þarký sayýsý: 2800/5000
2025-05-24 19:03:55,393 - INFO - Alýnan þarký sayýsý: 2850/5000
2025-05-24 19:03:56,349 - INFO - Alýnan þarký sayýsý: 2900/5000
2025-05-24 19:03:57,330 - INFO - Alýnan þarký sayýsý: 2950/5000
2025-05-24 19:03:58,280 - INFO - Alýnan þarký sayýsý: 3000/5000
2025-05-24 19:03:59,264 - INFO - Alýnan þarký sayýsý: 3050/5000
2025-05-24 19:04:00,267 - INFO - Alýnan þarký sayýsý: 3100/5000
2025-05-24 19:04:01,235 - INFO - Alýnan þarký sayýsý: 3150/5000
2025-05-24 19:04:02,201 - INFO - Alýnan þarký sayýsý: 3200/5000
2025-05-24 19:04:03,182 - INFO - Alýnan þarký sayýsý: 3250/5000
2025-05-24 19:04:04,316 - INFO - Alýnan þarký sayýsý: 3300/5000
2025-05-24 19:04:05,335 - INFO - Alýnan þarký sayýsý: 3350/5000
2025-05-24 19:04:06,463 - INFO - Alýnan þarký sayýsý: 3400/5000
2025-05-24 19:04:07,501 - INFO - Alýnan þarký sayýsý: 3450/5000
2025-05-24 19:04:08,598 - INFO - Alýnan þarký sayýsý: 3500/5000
2025-05-24 19:04:09,599 - INFO - Alýnan þarký sayýsý: 3550/5000
2025-05-24 19:04:10,581 - INFO - Alýnan þarký sayýsý: 3600/5000
2025-05-24 19:04:11,562 - INFO - Alýnan þarký sayýsý: 3650/5000
2025-05-24 19:04:12,554 - INFO - Alýnan þarký sayýsý: 3700/5000
2025-05-24 19:04:13,674 - INFO - Alýnan þarký sayýsý: 3750/5000
2025-05-24 19:04:14,625 - INFO - Alýnan þarký sayýsý: 3800/5000
2025-05-24 19:04:15,608 - INFO - Alýnan þarký sayýsý: 3850/5000
2025-05-24 19:04:16,731 - INFO - Alýnan þarký sayýsý: 3900/5000
2025-05-24 19:04:17,828 - INFO - Alýnan þarký sayýsý: 3950/5000
2025-05-24 19:04:18,900 - INFO - Alýnan þarký sayýsý: 4000/5000
2025-05-24 19:04:19,922 - INFO - Alýnan þarký sayýsý: 4050/5000
2025-05-24 19:04:20,886 - INFO - Alýnan þarký sayýsý: 4100/5000
2025-05-24 19:04:21,813 - INFO - Alýnan þarký sayýsý: 4135/5000
2025-05-24 19:04:22,315 - INFO - 4135 þarký için tür analizi baþlýyor...
2025-05-24 19:04:22,316 - INFO - Çoklu iþ parçacýklý mod: 10 thread
2025-05-24 19:04:22,875 - WARNING - Your application has reached a rate/request limit. Retry will occur after: 34496
2025-05-24 19:04:22,946 - WARNING - Your application has reached a rate/request limit. Retry will occur after: 34496
2025-05-24 19:04:22,952 - WARNING - Your application has reached a rate/request limit. Retry will occur after: 34496
2025-05-24 19:04:22,959 - WARNING - Your application has reached a rate/request limit. Retry will occur after: 34496
2025-05-24 19:04:23,062 - WARNING - Your application has reached a rate/request limit. Retry will occur after: 34496
2025-05-24 19:04:23,069 - WARNING - Your application has reached a rate/request limit. Retry will occur after: 34496
2025-05-24 19:04:23,070 - WARNING - Your application has reached a rate/request limit. Retry will occur after: 34496
2025-05-24 19:04:23,071 - WARNING - Your application has reached a rate/request limit. Retry will occur after: 34496
2025-05-24 19:04:23,072 - WARNING - Your application has reached a rate/request limit. Retry will occur after: 34496
2025-05-24 19:04:23,072 - WARNING - Your application has reached a rate/request limit. Retry will occur after: 34496
